Base path: /Applications/Unity/Unity.app/Contents
Cmd: initializeCompiler
Cmd: preprocess
  insize=1272 outsize=1739 ok=1
Cmd: preprocess
  insize=251 outsize=248 ok=1
Cmd: preprocess
  insize=1513 outsize=1890 ok=1
Cmd: preprocess
  insize=2402 outsize=475 ok=1
Cmd: preprocess
  insize=1471 outsize=1942 ok=1
Cmd: preprocess
  insize=1341 outsize=1783 ok=1
Cmd: preprocess
  insize=1229 outsize=1366 ok=1
Cmd: preprocess
  insize=1820 outsize=2018 ok=1
Cmd: preprocess
  insize=1009 outsize=1642 ok=1
Cmd: preprocess
  insize=2658 outsize=868 ok=1
Cmd: preprocess
  insize=1522 outsize=3001 ok=1
Cmd: preprocess
  insize=2622 outsize=799 ok=1
Cmd: preprocess
  insize=1868 outsize=515 ok=1
Cmd: compileSnippet
  api=15 type=0 insize=1695 outsize=2082 kw= pd=UNITY_ENABLE_REFLECTION_BUFFERS UNITY_USE_DITHER_MASK_FOR_ALPHABLENDED_SHADOWS UNITY_PBS_USE_BRDF1 UNITY_SPECCUBE_BOX_PROJECTION UNITY_SPECCUBE_BLENDING UNITY_ENABLE_DETAIL_NORMALMAP SHADER_API_DESKTOP UNITY_COLORSPACE_GAMMA ok=1
Cmd: compileSnippet
  api=15 type=1 insize=1695 outsize=0 kw= pd=UNITY_ENABLE_REFLECTION_BUFFERS UNITY_USE_DITHER_MASK_FOR_ALPHABLENDED_SHADOWS UNITY_PBS_USE_BRDF1 UNITY_SPECCUBE_BOX_PROJECTION UNITY_SPECCUBE_BLENDING UNITY_ENABLE_DETAIL_NORMALMAP SHADER_API_DESKTOP UNITY_COLORSPACE_GAMMA ok=1
Cmd: preprocess
  insize=1295 outsize=1074 ok=1
Cmd: preprocess
  insize=1271 outsize=1819 ok=1
Cmd: preprocess
  insize=2612 outsize=885 ok=1
Cmd: preprocess
  insize=1154 outsize=1689 ok=1
Cmd: preprocess
  insize=1322 outsize=1893 ok=1
Cmd: preprocess
  insize=1432 outsize=1881 ok=1
Cmd: preprocess
  insize=3418 outsize=785 ok=1
Cmd: preprocess
  insize=2784 outsize=888 ok=1
Cmd: preprocess
  insize=1281 outsize=1440 ok=1
Cmd: preprocess
  insize=1086 outsize=1322 ok=1
Cmd: preprocess
  insize=1182 outsize=326 ok=1
Cmd: preprocess
  insize=1993 outsize=763 ok=1
Cmd: preprocess
  insize=1429 outsize=1490 ok=1
Cmd: preprocess
  insize=1211 outsize=1768 ok=1
Cmd: preprocess
  insize=1131 outsize=1778 ok=1
Cmd: preprocess
  insize=1621 outsize=3009 ok=1
Cmd: preprocess
  insize=1660 outsize=1939 ok=1
Cmd: compileSnippet
  api=15 type=0 insize=1599 outsize=1483 kw= pd=UNITY_ENABLE_REFLECTION_BUFFERS UNITY_USE_DITHER_MASK_FOR_ALPHABLENDED_SHADOWS UNITY_PBS_USE_BRDF1 UNITY_SPECCUBE_BOX_PROJECTION UNITY_SPECCUBE_BLENDING UNITY_ENABLE_DETAIL_NORMALMAP SHADER_API_DESKTOP UNITY_COLORSPACE_GAMMA ok=1
Cmd: compileSnippet
  api=15 type=1 insize=1599 outsize=0 kw= pd=UNITY_ENABLE_REFLECTION_BUFFERS UNITY_USE_DITHER_MASK_FOR_ALPHABLENDED_SHADOWS UNITY_PBS_USE_BRDF1 UNITY_SPECCUBE_BOX_PROJECTION UNITY_SPECCUBE_BLENDING UNITY_ENABLE_DETAIL_NORMALMAP SHADER_API_DESKTOP UNITY_COLORSPACE_GAMMA ok=1
